yarn run v1.21.1
warning package.json: No license field
$ /Users/beatrichartz/Documents/Code/js/cypress/node_modules/.bin/cypress open
GET /__/ 200 4.961 ms - -
GET /__cypress/runner/cypress_runner.css 200 5.695 ms - -
POST /ListAccounts?gpsia=1&source=ChromiumBrowser&json=standard 200 343.920 ms - -
GET /__cypress/runner/cypress_runner.js 200 2.809 ms - -
GET /__cypress/iframes/__all 200 5.014 ms - 709
GET /__cypress/runner/fonts/fa-solid-900.woff2 200 0.867 ms - 75728
GET /__cypress/tests?p=integration/e2e.js-332 200 800.343 ms - -
GET /__cypress/tests?p=cypress/support/index.js-312 200 1440.509 ms - -
GET /__cypress/runner/fonts/fa-regular-400.woff2 200 2.233 ms - 13584
GET /tbproxy/af/query?q=Chc2LjEuMTcxNS4xNDQyL2VuIChHR0xMKRMZIxQak-EyftgjLZFhlU4kIy0viD6CJCMtkWGVTiQU 200 1539.879 ms - -
GET / 200 22.867 ms - -
GET /tbproxy/af/query?q=Chc2LjEuMTcxNS4xNDQyL2VuIChHR0xMKRMZ9dVUO7IApPEjLWlIR0ckFA== 200 19.051 ms - -
GET /images/branding/googlelogo/2x/googlelogo_color_272x92dp.png 200 111.867 ms - -
GET /images/searchbox/desktop_searchbox_sprites302_hr.png 200 143.341 ms - -
GET /images/nav_logo299.png 200 153.305 ms - -
POST /gen_204?s=webhp&t=aft&atyp=csi&ei=dTscXtLeLsmY4-EP5MKn0Ac&rt=wsrt.39,aft.147,prt.85&bl=JGpW&ima=1&imad=0&imn=1 204 116.225 ms - -
GET /xjs/_/js/k=xjs.s.en_GB.sZ9KDq-is7M.O/ck=xjs.s.nAn4UTRK1bA.L.W.O/m=Fkg7bd,HcFEGb,IvlUe,MC8mtf,OF7gzc,RMhBfe,T4BAC,TJw5qb,TbaHGc,Y33vzc,cdos,hsm,iDPoPb,jsa,mvYTse,tg8oTe,uz938c,vWNDde,ws9Tlc,yQ43ff,d,csi/am=AAAAAIsAdt0BQf5vAgAAgB0DAAAC3AQbFgiGhAqi6gQSEA/d=1/dg=2/br=1/ct=zgms/rs=ACT90oFTVelu6TIbdyjmNqGy5LMqWzPtmw 200 70.771 ms - -
GET /xjs/_/js/k=xjs.s.en_GB.sZ9KDq-is7M.O/ck=xjs.s.nAn4UTRK1bA.L.W.O/am=AAAAAIsAdt0BQf5vAgAAgB0DAAAC3AQbFgiGhAqi6gQSEA/d=1/exm=Fkg7bd,HcFEGb,IvlUe,MC8mtf,OF7gzc,RMhBfe,T4BAC,TJw5qb,TbaHGc,Y33vzc,cdos,csi,d,hsm,iDPoPb,jsa,mvYTse,tg8oTe,uz938c,vWNDde,ws9Tlc,yQ43ff/ed=1/dg=2/br=1/ct=zgms/rs=ACT90oFTVelu6TIbdyjmNqGy5LMqWzPtmw/m=WgDvvc,aa,abd,async,dvl,fEVMic,foot,lu,m,mUpTid,mu,sb_wiz,sf,sonic,spch,xz7cCd?xjs=s1 200 18.219 ms - -
POST /gen_204?atyp=csi&ei=dTscXtLeLsmY4-EP5MKn0Ac&s=jsa&jsi=s,t.0,et.focus,n.iDPoPb,cn.1&zx=1578908534485 204 111.267 ms - -
GET /_/scs/abc-static/_/js/k=gapi.gapi.en.7kWSr24wXFc.O/m=gapi_iframes,googleapis_client,plusone/rt=j/sv=1/d=1/ed=1/rs=AHpOoo-i9r7IbCTUQfJ0v-FPhRKRS8aihQ/cb=gapi.loaded_0 200 174.468 ms - -
GET /compressiontest/gzip.html 200 114.403 ms - -
GET /widget/app/so?hl=en&origin=https%3A%2F%2Fwww.google.com&pid=1&spid=1&gm&usegapi=1 200 308.064 ms - -
POST /gen_204?atyp=csi&ei=dTscXtLeLsmY4-EP5MKn0Ac&s=webhp&t=all&bl=JGpW&imn=1&adh=&conn=onchange&ima=1&imad=0&ime=1&imeb=0&imeo=0&wh=900&scp=0&net=dl.1700,ect.4g,rtt.0&mem=ujhs.37,tjhs.45,jhsl.3760,dm.8&sto=&sys=hc.8&rt=prt.85,aft.147,iml.147,dcl.87,xjsls.101,xjses.384,xjsee.425,xjs.425,ol.616,wsrt.39,cst.9,dnst.0,rqst.38,rspt.10,sslt.8,rqstt.11,unt.1,cstt.2,dit.126&zx=1578908534671 204 110.922 ms - -
GET /adsid/google/ui 302 263.029 ms - 135
POST /url?sa=t&rct=j&source=webhp&url=https://about.google/%3Ffg%3D1%26utm_source%3Dgoogle-AU%26utm_medium%3Dreferral%26utm_campaign%3Dhp-header&ved=0ahUKEwiS7abSpIDnAhVJzDgGHWThCXoQkNQCCAM 200 127.643 ms - -
GET /insights/consumersurveys/async_survey?site=zohcrlcvmavjct24cpvw6ns7oy 200 132.922 ms - -
GET /insights/consumersurveys/static/423752611326187995/prompt_embed_static.js 200 20.533 ms - -
GET /jsapi 200 180.152 ms - -
GET /adsid/integrator.js?domain=about.google 200 119.773 ms - -
GET /doodles/history/1/13?cb=angular.callbacks._0 200 239.333 ms - -
GET /insights/consumersurveys/gk/prompt?t=a&site=zohcrlcvmavjct24cpvw6ns7oy&random=1578908536346&ref=https%3A%2F%2Fwww.google.com%2F&token=NT 200 124.888 ms - -
HEAD / - - ms - -
HEAD / - - ms - -
HEAD / - - ms - -
GET /insights/consumersurveys/async_survey?site=zohcrlcvmavjct24cpvw6ns7oy 200 125.016 ms - -
GET /insights/consumersurveys/static/423752611326187995/prompt_embed_static.js 200 20.624 ms - -
GET /adsid/integrator.js?domain=about.google 200 116.895 ms - -
GET /insights/consumersurveys/gk/prompt?t=a&site=zohcrlcvmavjct24cpvw6ns7oy&random=1578908539100&ref=https%3A%2F%2Fabout.google%2F%3Ffg%3D1%26utm_source%3Dgoogle-AU%26utm_medium%3Dreferral%26utm_campaign%3Dhp-header&token=NT 200 115.814 ms - -
GET / 200 6.628 ms - -
POST /gen_204?s=webhp&t=aft&atyp=csi&ei=gTscXqblA4_H4-EP0eil8AU&rt=wsrt.18,aft.61,prt.80&bl=JGpW&ima=1&imad=0&imn=1 204 108.066 ms - -
GET /xjs/_/js/k=xjs.s.en_GB.sZ9KDq-is7M.O/ck=xjs.s.nAn4UTRK1bA.L.W.O/m=Fkg7bd,HcFEGb,IvlUe,MC8mtf,OF7gzc,RMhBfe,T4BAC,TJw5qb,TbaHGc,Y33vzc,cdos,hsm,iDPoPb,jsa,mvYTse,tg8oTe,uz938c,vWNDde,ws9Tlc,yQ43ff,d,csi/am=AAAAAIsAdt0BQf5vAgAAgB0DAAAC3AQbFgiGhAqi6gQSEA/d=1/dg=2/br=1/ct=zgms/rs=ACT90oFTVelu6TIbdyjmNqGy5LMqWzPtmw 200 18.231 ms - -
GET /images/nav_logo299.png 200 109.716 ms - -
GET /xjs/_/js/k=xjs.s.en_GB.sZ9KDq-is7M.O/ck=xjs.s.nAn4UTRK1bA.L.W.O/am=AAAAAIsAdt0BQf5vAgAAgB0DAAAC3AQbFgiGhAqi6gQSEA/d=1/exm=Fkg7bd,HcFEGb,IvlUe,MC8mtf,OF7gzc,RMhBfe,T4BAC,TJw5qb,TbaHGc,Y33vzc,cdos,csi,d,hsm,iDPoPb,jsa,mvYTse,tg8oTe,uz938c,vWNDde,ws9Tlc,yQ43ff/ed=1/dg=2/br=1/ct=zgms/rs=ACT90oFTVelu6TIbdyjmNqGy5LMqWzPtmw/m=WgDvvc,aa,abd,async,dvl,fEVMic,foot,lu,m,mUpTid,mu,sb_wiz,sf,sonic,spch,xz7cCd?xjs=s1 200 18.379 ms - -
POST /gen_204?atyp=csi&ei=gTscXqblA4_H4-EP0eil8AU&s=jsa&jsi=s,t.0,et.focus,n.iDPoPb,cn.1&zx=1578908545641 204 109.034 ms - -
GET /compressiontest/gzip.html 200 116.460 ms - -
GET /_/scs/abc-static/_/js/k=gapi.gapi.en.7kWSr24wXFc.O/m=gapi_iframes,googleapis_client,plusone/rt=j/sv=1/d=1/ed=1/rs=AHpOoo-i9r7IbCTUQfJ0v-FPhRKRS8aihQ/cb=gapi.loaded_0 200 19.458 ms - -
GET /widget/app/so?hl=en&origin=https%3A%2F%2Fwww.google.com&pid=1&spid=1&gm&usegapi=1 200 155.242 ms - -
POST /gen_204?atyp=csi&ei=gTscXqblA4_H4-EP0eil8AU&s=webhp&t=all&bl=JGpW&imn=1&adh=&conn=onchange&ima=1&imad=0&ime=1&imeb=0&imeo=0&wh=900&scp=0&net=dl.10000,ect.4g,rtt.100&mem=ujhs.37,tjhs.45,jhsl.3760,dm.8&sto=&sys=hc.8&rt=aft.61,iml.61,prt.80,dcl.84,xjsls.96,xjses.233,xjsee.270,xjs.270,ol.490,wsrt.18,cst.5,dnst.0,rqst.19,rspt.8,sslt.4,rqstt.7,unt.1,cstt.2,dit.102&zx=1578908545854 204 109.362 ms - -
GET /adsid/google/ui 204 108.078 ms - -
POST /url?sa=t&rct=j&source=webhp&url=https://about.google/%3Ffg%3D1%26utm_source%3Dgoogle-AU%26utm_medium%3Dreferral%26utm_campaign%3Dhp-header&ved=0ahUKEwjmqdjXpIDnAhWP4zgGHVF0CV4QkNQCCAM 200 123.835 ms - -
GET /insights/consumersurveys/async_survey?site=zohcrlcvmavjct24cpvw6ns7oy 200 117.575 ms - -
GET /insights/consumersurveys/static/423752611326187995/prompt_embed_static.js 200 27.671 ms - -
GET /doodles/history/1/13?cb=angular.callbacks._0 200 286.897 ms - -
GET /adsid/integrator.js?domain=about.google 200 115.367 ms - -
GET /insights/consumersurveys/gk/prompt?t=a&site=zohcrlcvmavjct24cpvw6ns7oy&random=1578908546996&ref=https%3A%2F%2Fwww.google.com%2F&token=NT 200 107.426 ms - -
GET /tbproxy/af/query?q=Chc2LjEuMTcxNS4xNDQyL2VuIChHR0xMKRMZoqLytqHam9EjLWlIR0ckFA== 200 152.812 ms - -
POST /chrome-sync/experimentstatus 200 334.296 ms - -